<?xml version="1.0" encoding="UTF-8"?>
<!-- Generated by org.testng.reporters.JUnitReportReporter -->
<testsuite hostname="asd1558po01976" name="com.qait.snl.gmailAutomation.TestGmail" tests="1" failures="0" timestamp="4 Jul 2018 07:14:45 GMT" time="13.332" errors="0">
  <testcase name="correctLoginCredentials" time="13.332" classname="com.qait.snl.gmailAutomation.TestGmail"/>
</testsuite> <!-- com.qait.snl.gmailAutomation.TestGmail -->
